<?xml version="1.0" encoding="UTF-8"?>
<!-- Generated by org.testng.reporters.JUnitXMLReporter -->
<testsuite hostname="vasu-PC" name="Test" tests="6" failures="0" timestamp="14 Feb 2019 02:04:18 GMT" time="11.477" errors="0">
  <testcase name="adminLogin" time="11.395" classname="com.vasu.testng.AdminLoginTest"/>
  <testcase name="method1" time="0.003" classname="com.vasu.testng.AnnotationsTest"/>
  <testcase name="method2" time="0.002" classname="com.vasu.testng.AnnotationsTest"/>
  <testcase name="appLaunch" time="0.002" classname="com.vasu.testng.MultipleTestCases"/>
  <testcase name="appLogin" time="0.001" classname="com.vasu.testng.MultipleTestCases"/>
  <testcase name="first" time="0.002" classname="com.vasu.testng.FirstTestNgTest"/>
</testsuite> <!-- Test -->
